2026-05-23 15:55:57 [error]: Unhandled error {
  "service": "job-aggregator-api",
  "error": "Not allowed by CORS",
  "stack": "Error: Not allowed by CORS\n    at origin (/home/frey/Important/jobaggregator/apps/api/src/app.ts:55:16)\n    at /home/frey/Important/jobaggregator/node_modules/.pnpm/cors@2.8.6/node_modules/cors/lib/index.js:219:13\n    at optionsCallback (/home/frey/Important/jobaggregator/node_modules/.pnpm/cors@2.8.6/node_modules/cors/lib/index.js:199:9)\n    at corsMiddleware (/home/frey/Important/jobaggregator/node_modules/.pnpm/cors@2.8.6/node_modules/cors/lib/index.js:204:7)\n    at Layer.handle [as handle_request] (/home/frey/Important/jobaggregator/node_modules/.pnpm/express@4.22.1/node_modules/express/lib/router/layer.js:95:5)\n    at trim_prefix (/home/frey/Important/jobaggregator/node_modules/.pnpm/express@4.22.1/node_modules/express/lib/router/index.js:328:13)\n    at /home/frey/Important/jobaggregator/node_modules/.pnpm/express@4.22.1/node_modules/express/lib/router/index.js:286:9\n    at router.process_params (/home/frey/Important/jobaggregator/node_modules/.pnpm/express@4.22.1/node_modules/express/lib/router/index.js:346:12)\n    at next (/home/frey/Important/jobaggregator/node_modules/.pnpm/express@4.22.1/node_modules/express/lib/router/index.js:280:10)\n    at expressInit (/home/frey/Important/jobaggregator/node_modules/.pnpm/express@4.22.1/node_modules/express/lib/middleware/init.js:40:5)"
}
2026-05-23 15:56:10 [error]: Unhandled error {
  "service": "job-aggregator-api",
  "error": "Not allowed by CORS",
  "stack": "Error: Not allowed by CORS\n    at origin (/home/frey/Important/jobaggregator/apps/api/src/app.ts:55:16)\n    at /home/frey/Important/jobaggregator/node_modules/.pnpm/cors@2.8.6/node_modules/cors/lib/index.js:219:13\n    at optionsCallback (/home/frey/Important/jobaggregator/node_modules/.pnpm/cors@2.8.6/node_modules/cors/lib/index.js:199:9)\n    at corsMiddleware (/home/frey/Important/jobaggregator/node_modules/.pnpm/cors@2.8.6/node_modules/cors/lib/index.js:204:7)\n    at Layer.handle [as handle_request] (/home/frey/Important/jobaggregator/node_modules/.pnpm/express@4.22.1/node_modules/express/lib/router/layer.js:95:5)\n    at trim_prefix (/home/frey/Important/jobaggregator/node_modules/.pnpm/express@4.22.1/node_modules/express/lib/router/index.js:328:13)\n    at /home/frey/Important/jobaggregator/node_modules/.pnpm/express@4.22.1/node_modules/express/lib/router/index.js:286:9\n    at router.process_params (/home/frey/Important/jobaggregator/node_modules/.pnpm/express@4.22.1/node_modules/express/lib/router/index.js:346:12)\n    at next (/home/frey/Important/jobaggregator/node_modules/.pnpm/express@4.22.1/node_modules/express/lib/router/index.js:280:10)\n    at expressInit (/home/frey/Important/jobaggregator/node_modules/.pnpm/express@4.22.1/node_modules/express/lib/middleware/init.js:40:5)"
}
2026-05-23 15:56:11 [error]: Unhandled error {
  "service": "job-aggregator-api",
  "error": "Not allowed by CORS",
  "stack": "Error: Not allowed by CORS\n    at origin (/home/frey/Important/jobaggregator/apps/api/src/app.ts:55:16)\n    at /home/frey/Important/jobaggregator/node_modules/.pnpm/cors@2.8.6/node_modules/cors/lib/index.js:219:13\n    at optionsCallback (/home/frey/Important/jobaggregator/node_modules/.pnpm/cors@2.8.6/node_modules/cors/lib/index.js:199:9)\n    at corsMiddleware (/home/frey/Important/jobaggregator/node_modules/.pnpm/cors@2.8.6/node_modules/cors/lib/index.js:204:7)\n    at Layer.handle [as handle_request] (/home/frey/Important/jobaggregator/node_modules/.pnpm/express@4.22.1/node_modules/express/lib/router/layer.js:95:5)\n    at trim_prefix (/home/frey/Important/jobaggregator/node_modules/.pnpm/express@4.22.1/node_modules/express/lib/router/index.js:328:13)\n    at /home/frey/Important/jobaggregator/node_modules/.pnpm/express@4.22.1/node_modules/express/lib/router/index.js:286:9\n    at router.process_params (/home/frey/Important/jobaggregator/node_modules/.pnpm/express@4.22.1/node_modules/express/lib/router/index.js:346:12)\n    at next (/home/frey/Important/jobaggregator/node_modules/.pnpm/express@4.22.1/node_modules/express/lib/router/index.js:280:10)\n    at expressInit (/home/frey/Important/jobaggregator/node_modules/.pnpm/express@4.22.1/node_modules/express/lib/middleware/init.js:40:5)"
}
2026-05-23 15:56:17 [error]: Unhandled error {
  "service": "job-aggregator-api",
  "error": "Not allowed by CORS",
  "stack": "Error: Not allowed by CORS\n    at origin (/home/frey/Important/jobaggregator/apps/api/src/app.ts:55:16)\n    at /home/frey/Important/jobaggregator/node_modules/.pnpm/cors@2.8.6/node_modules/cors/lib/index.js:219:13\n    at optionsCallback (/home/frey/Important/jobaggregator/node_modules/.pnpm/cors@2.8.6/node_modules/cors/lib/index.js:199:9)\n    at corsMiddleware (/home/frey/Important/jobaggregator/node_modules/.pnpm/cors@2.8.6/node_modules/cors/lib/index.js:204:7)\n    at Layer.handle [as handle_request] (/home/frey/Important/jobaggregator/node_modules/.pnpm/express@4.22.1/node_modules/express/lib/router/layer.js:95:5)\n    at trim_prefix (/home/frey/Important/jobaggregator/node_modules/.pnpm/express@4.22.1/node_modules/express/lib/router/index.js:328:13)\n    at /home/frey/Important/jobaggregator/node_modules/.pnpm/express@4.22.1/node_modules/express/lib/router/index.js:286:9\n    at router.process_params (/home/frey/Important/jobaggregator/node_modules/.pnpm/express@4.22.1/node_modules/express/lib/router/index.js:346:12)\n    at next (/home/frey/Important/jobaggregator/node_modules/.pnpm/express@4.22.1/node_modules/express/lib/router/index.js:280:10)\n    at expressInit (/home/frey/Important/jobaggregator/node_modules/.pnpm/express@4.22.1/node_modules/express/lib/middleware/init.js:40:5)"
}
2026-05-23 16:00:13 [error]: Unhandled error {
  "service": "job-aggregator-api",
  "error": "Not allowed by CORS",
  "stack": "Error: Not allowed by CORS\n    at origin (/home/frey/Important/jobaggregator/apps/api/src/app.ts:55:16)\n    at /home/frey/Important/jobaggregator/node_modules/.pnpm/cors@2.8.6/node_modules/cors/lib/index.js:219:13\n    at optionsCallback (/home/frey/Important/jobaggregator/node_modules/.pnpm/cors@2.8.6/node_modules/cors/lib/index.js:199:9)\n    at corsMiddleware (/home/frey/Important/jobaggregator/node_modules/.pnpm/cors@2.8.6/node_modules/cors/lib/index.js:204:7)\n    at Layer.handle [as handle_request] (/home/frey/Important/jobaggregator/node_modules/.pnpm/express@4.22.1/node_modules/express/lib/router/layer.js:95:5)\n    at trim_prefix (/home/frey/Important/jobaggregator/node_modules/.pnpm/express@4.22.1/node_modules/express/lib/router/index.js:328:13)\n    at /home/frey/Important/jobaggregator/node_modules/.pnpm/express@4.22.1/node_modules/express/lib/router/index.js:286:9\n    at router.process_params (/home/frey/Important/jobaggregator/node_modules/.pnpm/express@4.22.1/node_modules/express/lib/router/index.js:346:12)\n    at next (/home/frey/Important/jobaggregator/node_modules/.pnpm/express@4.22.1/node_modules/express/lib/router/index.js:280:10)\n    at expressInit (/home/frey/Important/jobaggregator/node_modules/.pnpm/express@4.22.1/node_modules/express/lib/middleware/init.js:40:5)"
}
2026-05-23 16:00:23 [error]: Unhandled error {
  "service": "job-aggregator-api",
  "error": "Not allowed by CORS",
  "stack": "Error: Not allowed by CORS\n    at origin (/home/frey/Important/jobaggregator/apps/api/src/app.ts:55:16)\n    at /home/frey/Important/jobaggregator/node_modules/.pnpm/cors@2.8.6/node_modules/cors/lib/index.js:219:13\n    at optionsCallback (/home/frey/Important/jobaggregator/node_modules/.pnpm/cors@2.8.6/node_modules/cors/lib/index.js:199:9)\n    at corsMiddleware (/home/frey/Important/jobaggregator/node_modules/.pnpm/cors@2.8.6/node_modules/cors/lib/index.js:204:7)\n    at Layer.handle [as handle_request] (/home/frey/Important/jobaggregator/node_modules/.pnpm/express@4.22.1/node_modules/express/lib/router/layer.js:95:5)\n    at trim_prefix (/home/frey/Important/jobaggregator/node_modules/.pnpm/express@4.22.1/node_modules/express/lib/router/index.js:328:13)\n    at /home/frey/Important/jobaggregator/node_modules/.pnpm/express@4.22.1/node_modules/express/lib/router/index.js:286:9\n    at router.process_params (/home/frey/Important/jobaggregator/node_modules/.pnpm/express@4.22.1/node_modules/express/lib/router/index.js:346:12)\n    at next (/home/frey/Important/jobaggregator/node_modules/.pnpm/express@4.22.1/node_modules/express/lib/router/index.js:280:10)\n    at expressInit (/home/frey/Important/jobaggregator/node_modules/.pnpm/express@4.22.1/node_modules/express/lib/middleware/init.js:40:5)"
}
